<?xml version="1.0" encoding="UTF-8"?>
<!-- Generated by org.testng.reporters.JUnitReportReporter -->
<testsuite skipped="0" hostname="LAPTOP-5VLC0MFK" name="com.rakesh.testng.training.testcases.ParameterizationTestNGConcept" tests="5" failures="0" timestamp="20 Mar 2017 22:53:17 GMT" time="0.070" errors="0">
  <testcase name="signUp" time="0.028" classname="com.rakesh.testng.training.testcases.ParameterizationTestNGConcept"/>
  <testcase name="signUp" time="0.018" classname="com.rakesh.testng.training.testcases.ParameterizationTestNGConcept"/>
  <testcase name="signUp" time="0.022" classname="com.rakesh.testng.training.testcases.ParameterizationTestNGConcept"/>
  <testcase name="formFill" time="0.001" classname="com.rakesh.testng.training.testcases.ParameterizationTestNGConcept"/>
  <testcase name="formFill" time="0.001" classname="com.rakesh.testng.training.testcases.ParameterizationTestNGConcept"/>
</testsuite> <!-- com.rakesh.testng.training.testcases.ParameterizationTestNGConcept -->
