<?xml version="1.0" encoding="UTF-8"?>
<!-- Generated by org.testng.reporters.JUnitReportReporter -->
<testsuite skipped="0" hostname="LAPTOP-5VLC0MFK" name="com.rakesh.testng.training.testcases.SampleTestNG" tests="1" failures="0" timestamp="12 Mar 2017 00:37:45 GMT" time="0.015" errors="0">
  <testcase name="sampleTest" time="0.015" classname="com.rakesh.testng.training.testcases.SampleTestNG"/>
</testsuite> <!-- com.rakesh.testng.training.testcases.SampleTestNG -->
