<?xml version="1.0" encoding="UTF-8"?>
<!-- Generated by org.testng.reporters.JUnitReportReporter -->
<testsuite skipped="0" hostname="LAPTOP-5VLC0MFK" name="com.rakesh.testng.training.testcases.DataProviderTestNGConcept" tests="5" failures="0" timestamp="13 Mar 2017 03:10:29 GMT" time="0.055" errors="0">
  <testcase name="signUp" time="0.015" classname="com.rakesh.testng.training.testcases.DataProviderTestNGConcept"/>
  <testcase name="signUp" time="0.016" classname="com.rakesh.testng.training.testcases.DataProviderTestNGConcept"/>
  <testcase name="signUp" time="0.021" classname="com.rakesh.testng.training.testcases.DataProviderTestNGConcept"/>
  <testcase name="formFill" time="0.001" classname="com.rakesh.testng.training.testcases.DataProviderTestNGConcept"/>
  <testcase name="formFill" time="0.002" classname="com.rakesh.testng.training.testcases.DataProviderTestNGConcept"/>
</testsuite> <!-- com.rakesh.testng.training.testcases.DataProviderTestNGConcept -->
