<?xml version="1.0" encoding="UTF-8"?>
<!-- Generated by org.testng.reporters.JUnitReportReporter -->
<testsuite skipped="3" hostname="LAPTOP-5VLC0MFK" name="com.rakesh.testng.training.testcases.AnnotationTestNGConcepts" tests="3" failures="0" timestamp="12 Mar 2017 16:05:45 GMT" time="0.024" errors="0">
  <testcase name="loginTest" time="0.024" classname="com.rakesh.testng.training.testcases.AnnotationTestNGConcepts">
    <skipped/>
  </testcase> <!-- loginTest -->
  <testcase name="changePasswordTest" time="0.000" classname="com.rakesh.testng.training.testcases.AnnotationTestNGConcepts">
    <skipped/>
  </testcase> <!-- changePasswordTest -->
  <testcase name="logoutTest" time="0.000" classname="com.rakesh.testng.training.testcases.AnnotationTestNGConcepts">
    <skipped/>
  </testcase> <!-- logoutTest -->
</testsuite> <!-- com.rakesh.testng.training.testcases.AnnotationTestNGConcepts -->
